<?xml version="1.0" encoding="UTF-8"?>
<testsuite xmlns:xsi="http://www.w3.org/2001/XMLSchema-instance" xsi:noNamespaceSchemaLocation="https://maven.apache.org/surefire/maven-surefire-plugin/xsd/surefire-test-report-3.0.xsd" version="3.0" name="TestSuite" time="2.826" tests="2" errors="0" skipped="0" failures="0">
  <properties>
[...]
</properties>
  <testcase name="one" classname="Demo.TC01" time="1.047">
    <system-out><![CDATA[INFO: Loaded default properties from inside JAR.
INFO: Overlaid properties with consumer config from classpath.
...
... TestNG [WORKING] by Cédric Beust (cedric@beust.com)
...

Current working directory: D:\Work\Automation\app-utils\app-utils
2025-11-02 18:37:06 [0] &amp#27;[32m[INFO]&amp#27;[m one - Test case started
2025-11-02 18:37:06 [0] &amp#27;[32m[INFO]&amp#27;[m one - This test1 log to test driver id logic This test1 log to test driver id logic This test1 log to test driver id logic
2025-11-02 18:37:06 [0] &amp#27;[31m[ERROR]&amp#27;[m one - This test1 log to test driver id logic This test1 log to test driver id logic This test1 log to test driver id logic
2025-11-02 18:37:06 [0] &amp#27;[33;1m[WARN]&amp#27;[m one - This test1 log to test driver id logic
]]></system-out>
  </testcase>
  <testcase name="two" classname="Demo.TC01" time="0.203">
    <system-out><![CDATA[2025-11-02 18:37:06 [0] &amp#27;[32m[INFO]&amp#27;[m two - Test case started
2025-11-02 18:37:06 [0] &amp#27;[32m[INFO]&amp#27;[m two - This test2 log to test driver id logic
2025-11-02 18:37:06 [0] &amp#27;[31m[ERROR]&amp#27;[m two - This test2 log to test driver id logic
2025-11-02 18:37:06 [0] &amp#27;[33;1m[WARN]&amp#27;[m two - This test2 log to test driver id logic
]]></system-out>
  </testcase>
</testsuite>