<?xml version="1.0" encoding="UTF-8"?>
<!-- Generated by org.testng.reporters.JUnitXMLReporter -->
<testsuite ignored="0" hostname="Dell-Mayur" failures="2" tests="4" name="Test" time="7.88" errors="0" timestamp="2025-10-27T01:18:21 IST">
  <testcase classname="Demo.TC01" name="one" time="0.015"/>
  <testcase classname="Demo.TC01" name="two" time="0.002">
    <failure type="java.lang.AssertionError" message="null">
      <![CDATA[java.lang.AssertionError: null
at Demo.TC01.two(TC01.java:16)
at java.base/java.util.ArrayList.forEach(ArrayList.java:1596)
... Removed 31 stack frames]]>
    </failure>
  </testcase> <!-- two -->
  <testcase classname="Demo.TC02" name="one2" time="0.001"/>
  <testcase classname="Demo.TC02" name="two2" time="0.001">
    <failure type="java.lang.AssertionError" message="null">
      <![CDATA[java.lang.AssertionError: null
at Demo.TC02.two2(TC02.java:16)
at java.base/java.util.ArrayList.forEach(ArrayList.java:1596)
... Removed 31 stack frames]]>
    </failure>
  </testcase> <!-- two2 -->
</testsuite> <!-- Test -->
